2020-06-10T01:19:16.911Z [grades-control-api] - info: loading files...
2020-06-10T01:19:16.918Z [grades-control-api] - info: API Started!
2020-06-10T01:20:29.433Z [grades-control-api] - info: loading files...
2020-06-10T01:20:29.441Z [grades-control-api] - info: API Started!
2020-06-10T01:25:20.371Z [grades-control-api] - info: loading files...
2020-06-10T01:25:20.383Z [grades-control-api] - info: API Started!
2020-06-10T01:26:16.116Z [grades-control-api] - info: loading files...
2020-06-10T01:26:16.136Z [grades-control-api] - info: API Started!
2020-06-10T01:26:48.587Z [grades-control-api] - info: loading files...
2020-06-10T01:26:48.595Z [grades-control-api] - info: API Started!
2020-06-10T01:26:52.719Z [grades-control-api] - info: loading files...
2020-06-10T01:26:52.730Z [grades-control-api] - info: API Started!
2020-06-10T01:27:05.274Z [grades-control-api] - info: loading files...
2020-06-10T01:27:05.290Z [grades-control-api] - info: API Started!
2020-06-10T01:27:20.316Z [grades-control-api] - info: loading files...
2020-06-10T01:27:20.324Z [grades-control-api] - info: API Started!
2020-06-10T01:27:25.968Z [grades-control-api] - info: loading files...
2020-06-10T01:27:25.975Z [grades-control-api] - info: API Started!
2020-06-10T01:28:05.294Z [grades-control-api] - info: loading files...
2020-06-10T01:28:05.303Z [grades-control-api] - info: API Started!
2020-06-10T01:28:32.505Z [grades-control-api] - info: loading files...
2020-06-10T01:28:32.515Z [grades-control-api] - info: API Started!
2020-06-10T01:28:44.156Z [grades-control-api] - info: loading files...
2020-06-10T01:28:44.165Z [grades-control-api] - info: API Started!
2020-06-10T01:29:20.708Z [grades-control-api] - info: loading files...
2020-06-10T01:29:20.720Z [grades-control-api] - info: API Started!
2020-06-10T01:29:52.939Z [grades-control-api] - info: loading files...
2020-06-10T01:29:52.951Z [grades-control-api] - info: API Started!
2020-06-10T01:32:43.865Z [grades-control-api] - info: loading files...
2020-06-10T01:32:43.884Z [grades-control-api] - info: API Started!
2020-06-10T01:32:49.411Z [grades-control-api] - info: loading files...
2020-06-10T01:32:49.418Z [grades-control-api] - info: API Started!
2020-06-10T01:33:36.430Z [grades-control-api] - info: loading files...
2020-06-10T01:33:36.440Z [grades-control-api] - error: The "path" argument must be of type string or an instance of Buffer or URL. Received undefined
2020-06-10T01:33:36.442Z [grades-control-api] - info: API Started!
2020-06-10T01:41:07.352Z [grades-control-api] - info: loading files...
2020-06-10T01:41:07.359Z [grades-control-api] - error: The "path" argument must be of type string or an instance of Buffer or URL. Received undefined
2020-06-10T01:41:07.360Z [grades-control-api] - info: API Started!
2020-06-10T01:41:55.523Z [grades-control-api] - info: loading files...
2020-06-10T01:41:55.533Z [grades-control-api] - info: API Started!
2020-06-10T01:41:55.535Z [grades-control-api] - error: ENOENT: no such file or directory, open './undefined'
2020-06-10T01:42:04.020Z [grades-control-api] - info: loading files...
2020-06-10T01:42:04.029Z [grades-control-api] - info: API Started!
2020-06-10T01:42:16.771Z [grades-control-api] - info: loading files...
2020-06-10T01:42:16.779Z [grades-control-api] - info: API Started!
2020-06-10T02:20:46.144Z [grades-control-api] - info: loading files...
2020-06-10T02:20:46.159Z [grades-control-api] - info: API Started!
2020-06-10T02:23:25.681Z [grades-control-api] - info: loading files...
2020-06-10T02:23:25.700Z [grades-control-api] - info: API Started!
2020-06-10T02:23:53.115Z [grades-control-api] - info: loading files...
2020-06-10T02:23:53.123Z [grades-control-api] - info: API Started!
2020-06-10T02:25:36.700Z [grades-control-api] - info: loading files...
2020-06-10T02:25:36.709Z [grades-control-api] - info: API Started!
2020-06-10T02:26:31.581Z [grades-control-api] - info: loading files...
2020-06-10T02:26:31.589Z [grades-control-api] - info: API Started!
2020-06-10T02:27:16.555Z [grades-control-api] - info: loading files...
2020-06-10T02:27:16.565Z [grades-control-api] - info: API Started!
2020-06-10T02:27:48.715Z [grades-control-api] - info: loading files...
2020-06-10T02:27:48.724Z [grades-control-api] - info: API Started!
2020-06-10T02:27:55.248Z [grades-control-api] - info: loading files...
2020-06-10T02:27:55.265Z [grades-control-api] - info: API Started!
2020-06-10T02:28:28.619Z [grades-control-api] - info: loading files...
2020-06-10T02:28:28.627Z [grades-control-api] - info: API Started!
2020-06-10T02:33:59.526Z [grades-control-api] - info: loading files...
2020-06-10T02:33:59.529Z [grades-control-api] - error: readFile is not defined
2020-06-10T02:33:59.534Z [grades-control-api] - info: API Started!
2020-06-10T02:34:12.786Z [grades-control-api] - info: loading files...
2020-06-10T02:34:12.789Z [grades-control-api] - error: readFile is not defined
2020-06-10T02:34:12.795Z [grades-control-api] - info: API Started!
2020-06-10T02:34:30.806Z [grades-control-api] - info: loading files...
2020-06-10T02:34:30.814Z [grades-control-api] - info: API Started!
2020-06-10T02:47:38.279Z [grades-control-api] - info: loading files...
2020-06-10T02:47:38.291Z [grades-control-api] - info: API Started!
2020-06-10T02:55:36.112Z [grades-control-api] - info: loading files...
2020-06-10T02:55:36.126Z [grades-control-api] - info: API Started!
2020-06-10T02:55:55.829Z [grades-control-api] - info: loading files...
2020-06-10T02:55:55.840Z [grades-control-api] - info: API Started!
2020-06-10T02:56:06.899Z [grades-control-api] - info: loading files...
2020-06-10T02:56:06.909Z [grades-control-api] - info: API Started!
2020-06-10T02:56:45.958Z [grades-control-api] - info: loading files...
2020-06-10T02:56:45.971Z [grades-control-api] - info: API Started!
2020-06-10T02:58:37.202Z [grades-control-api] - info: loading files...
2020-06-10T02:58:37.210Z [grades-control-api] - info: API Started!
2020-06-10T02:58:47.705Z [grades-control-api] - info: loading files...
2020-06-10T02:58:47.713Z [grades-control-api] - info: API Started!
2020-06-10T03:02:25.590Z [grades-control-api] - info: loading files...
2020-06-10T03:02:25.607Z [grades-control-api] - info: API Started!
2020-06-10T03:08:09.085Z [grades-control-api] - info: loading files...
2020-06-10T03:08:09.098Z [grades-control-api] - info: API Started!
2020-06-10T03:08:39.929Z [grades-control-api] - info: loading files...
2020-06-10T03:08:39.937Z [grades-control-api] - info: API Started!
2020-06-10T03:09:03.742Z [grades-control-api] - info: loading files...
2020-06-10T03:09:03.755Z [grades-control-api] - info: API Started!
2020-06-10T03:09:36.046Z [grades-control-api] - info: loading files...
2020-06-10T03:09:36.071Z [grades-control-api] - info: API Started!
2020-06-10T03:09:57.066Z [grades-control-api] - info: loading files...
2020-06-10T03:09:57.076Z [grades-control-api] - info: API Started!
2020-06-10T03:11:06.637Z [grades-control-api] - info: loading files...
2020-06-10T03:11:06.647Z [grades-control-api] - info: API Started!
2020-06-10T03:11:40.425Z [grades-control-api] - info: loading files...
2020-06-10T03:11:40.433Z [grades-control-api] - info: API Started!
2020-06-10T03:12:19.722Z [grades-control-api] - info: loading files...
2020-06-10T03:12:19.733Z [grades-control-api] - info: API Started!
2020-06-10T03:12:39.863Z [grades-control-api] - info: loading files...
2020-06-10T03:12:39.874Z [grades-control-api] - info: API Started!
2020-06-10T03:13:37.088Z [grades-control-api] - info: loading files...
2020-06-10T03:13:37.095Z [grades-control-api] - info: API Started!
2020-06-10T03:13:55.187Z [grades-control-api] - info: loading files...
2020-06-10T03:13:55.195Z [grades-control-api] - info: API Started!
2020-06-10T03:14:02.840Z [grades-control-api] - info: loading files...
2020-06-10T03:14:02.857Z [grades-control-api] - info: API Started!
2020-06-10T03:14:30.490Z [grades-control-api] - info: loading files...
2020-06-10T03:14:30.512Z [grades-control-api] - info: API Started!
2020-06-10T03:14:31.497Z [grades-control-api] - info: loading files...
2020-06-10T03:14:31.516Z [grades-control-api] - info: API Started!
2020-06-10T03:14:33.804Z [grades-control-api] - info: loading files...
2020-06-10T03:14:33.811Z [grades-control-api] - info: API Started!
2020-06-10T03:14:36.141Z [grades-control-api] - info: loading files...
2020-06-10T03:14:36.153Z [grades-control-api] - info: API Started!
2020-06-10T03:14:37.114Z [grades-control-api] - info: loading files...
2020-06-10T03:14:37.122Z [grades-control-api] - info: API Started!
2020-06-10T03:14:37.921Z [grades-control-api] - info: loading files...
2020-06-10T03:14:37.928Z [grades-control-api] - info: API Started!
2020-06-10T03:16:07.353Z [grades-control-api] - info: loading files...
2020-06-10T03:16:07.361Z [grades-control-api] - info: API Started!
2020-06-10T03:16:29.837Z [grades-control-api] - info: loading files...
2020-06-10T03:16:29.848Z [grades-control-api] - info: API Started!
2020-06-10T03:19:01.246Z [grades-control-api] - info: loading files...
2020-06-10T03:19:01.255Z [grades-control-api] - info: API Started!
2020-06-10T03:19:24.233Z [grades-control-api] - info: loading files...
2020-06-10T03:19:24.244Z [grades-control-api] - info: API Started!
2020-06-10T03:19:32.831Z [grades-control-api] - info: loading files...
2020-06-10T03:19:32.839Z [grades-control-api] - info: API Started!
2020-06-10T03:19:39.416Z [grades-control-api] - info: loading files...
2020-06-10T03:19:39.425Z [grades-control-api] - info: API Started!
2020-06-10T03:20:10.393Z [grades-control-api] - info: loading files...
2020-06-10T03:20:10.401Z [grades-control-api] - info: API Started!
2020-06-10T03:21:12.705Z [grades-control-api] - info: loading files...
2020-06-10T03:21:12.714Z [grades-control-api] - info: API Started!
2020-06-10T03:22:46.380Z [grades-control-api] - info: loading files...
2020-06-10T03:22:46.390Z [grades-control-api] - info: API Started!
2020-06-10T03:23:37.101Z [grades-control-api] - info: loading files...
2020-06-10T03:23:37.111Z [grades-control-api] - info: API Started!
2020-06-10T03:24:16.046Z [grades-control-api] - info: API Started!
2020-06-10T03:26:31.819Z [grades-control-api] - info: API Started!
2020-06-10T03:30:50.675Z [grades-control-api] - info: API Started!
2020-06-10T03:31:11.712Z [grades-control-api] - info: API Started!
2020-06-10T03:31:46.592Z [grades-control-api] - info: API Started!
2020-06-10T03:31:55.742Z [grades-control-api] - info: API Started!
2020-06-10T03:32:07.426Z [grades-control-api] - info: API Started!
2020-06-10T03:32:25.719Z [grades-control-api] - info: API Started!
2020-06-10T03:34:05.022Z [grades-control-api] - info: API Started!
2020-06-10T03:34:06.035Z [grades-control-api] - error: updateGrades is not defined
2020-06-10T03:34:30.522Z [grades-control-api] - info: API Started!
2020-06-10T03:34:42.748Z [grades-control-api] - info: API Started!
2020-06-10T03:34:47.124Z [grades-control-api] - info: API Started!
2020-06-10T03:34:48.992Z [grades-control-api] - error: updateGrades is not defined
2020-06-10T03:35:05.920Z [grades-control-api] - info: API Started!
2020-06-10T03:35:08.178Z [grades-control-api] - error: updateGrades is not defined
2020-06-10T03:35:33.867Z [grades-control-api] - info: API Started!
2020-06-10T03:35:34.683Z [grades-control-api] - info: API Started!
2020-06-10T03:35:35.634Z [grades-control-api] - error: updateGrades is not defined
2020-06-10T03:36:07.694Z [grades-control-api] - info: API Started!
2020-06-10T03:36:28.025Z [grades-control-api] - info: API Started!
2020-06-10T03:36:52.038Z [grades-control-api] - info: API Started!
2020-06-10T03:37:41.110Z [grades-control-api] - info: API Started!
2020-06-10T03:38:12.739Z [grades-control-api] - info: API Started!
2020-06-10T03:38:20.342Z [grades-control-api] - info: API Started!
2020-06-10T03:38:24.089Z [grades-control-api] - info: API Started!
2020-06-10T03:38:29.307Z [grades-control-api] - info: API Started!
2020-06-10T03:39:02.378Z [grades-control-api] - info: API Started!
2020-06-10T03:40:13.899Z [grades-control-api] - info: API Started!
2020-06-10T03:40:14.747Z [grades-control-api] - info: API Started!
2020-06-10T03:40:29.758Z [grades-control-api] - info: API Started!
2020-06-10T03:40:44.322Z [grades-control-api] - info: API Started!
2020-06-10T03:40:45.400Z [grades-control-api] - info: API Started!
2020-06-10T03:41:16.522Z [grades-control-api] - info: API Started!
2020-06-10T03:41:23.749Z [grades-control-api] - info: API Started!
2020-06-10T03:42:22.754Z [grades-control-api] - info: API Started!
2020-06-10T03:42:23.640Z [grades-control-api] - info: API Started!
2020-06-10T03:43:21.688Z [grades-control-api] - error: Invalid status code: 0
2020-06-10T03:43:27.650Z [grades-control-api] - error: Invalid status code: 57
2020-06-10T03:43:57.753Z [grades-control-api] - info: API Started!
2020-06-10T03:43:59.067Z [grades-control-api] - error: Invalid status code: 57
2020-06-10T03:45:25.693Z [grades-control-api] - info: API Started!
2020-06-10T03:45:27.556Z [grades-control-api] - error: Invalid status code: 57
2020-06-10T03:45:47.326Z [grades-control-api] - info: API Started!
2020-06-10T03:47:11.063Z [grades-control-api] - info: API Started!
2020-06-10T03:47:41.532Z [grades-control-api] - info: API Started!
2020-06-10T03:47:45.442Z [grades-control-api] - info: API Started!
2020-06-10T03:48:38.758Z [grades-control-api] - info: API Started!
2020-06-10T03:49:00.608Z [grades-control-api] - info: API Started!
2020-06-10T03:49:12.937Z [grades-control-api] - info: API Started!
2020-06-10T03:50:05.363Z [grades-control-api] - info: API Started!
2020-06-10T03:51:23.722Z [grades-control-api] - info: API Started!
2020-06-10T03:53:06.068Z [grades-control-api] - info: API Started!
2020-06-10T03:53:33.241Z [grades-control-api] - info: API Started!
2020-06-10T03:53:34.302Z [grades-control-api] - info: API Started!
2020-06-10T03:53:58.431Z [grades-control-api] - info: API Started!
2020-06-10T03:54:09.153Z [grades-control-api] - info: API Started!
2020-06-10T03:54:31.638Z [grades-control-api] - info: API Started!
2020-06-10T03:57:33.915Z [grades-control-api] - info: API Started!
2020-06-10T03:58:50.145Z [grades-control-api] - info: API Started!
2020-06-10T04:00:20.060Z [grades-control-api] - info: API Started!
2020-06-10T04:01:02.953Z [grades-control-api] - info: API Started!
2020-06-10T04:01:22.605Z [grades-control-api] - info: API Started!
2020-06-12T17:30:55.047Z [grades-control-api] - info: API Started!
2020-06-12T17:31:15.777Z [grades-control-api] - info: API Started!
2020-06-12T17:32:46.247Z [grades-control-api] - info: API Started!
2020-06-12T17:39:39.584Z [grades-control-api] - info: API Started!
2020-06-12T17:41:33.649Z [grades-control-api] - info: API Started!
2020-06-12T17:42:43.222Z [grades-control-api] - info: API Started!
2020-06-12T17:43:46.677Z [grades-control-api] - info: API Started!
2020-06-12T17:44:11.844Z [grades-control-api] - info: API Started!
2020-06-12T17:54:28.227Z [grades-control-api] - info: API Started!
2020-06-12T17:54:38.672Z [grades-control-api] - info: API Started!
2020-06-12T17:55:23.120Z [grades-control-api] - info: API Started!
2020-06-12T17:55:25.369Z [grades-control-api] - info: API Started!
2020-06-12T17:55:48.195Z [grades-control-api] - info: API Started!
2020-06-12T17:56:05.219Z [grades-control-api] - info: API Started!
2020-06-12T17:56:23.823Z [grades-control-api] - info: API Started!
2020-06-12T17:57:06.245Z [grades-control-api] - info: API Started!
2020-06-12T17:57:26.631Z [grades-control-api] - info: API Started!
2020-06-12T17:57:29.667Z [grades-control-api] - info: API Started!
2020-06-12T17:58:07.869Z [grades-control-api] - info: API Started!
2020-06-12T17:58:25.043Z [grades-control-api] - info: API Started!
2020-06-12T17:58:42.803Z [grades-control-api] - info: API Started!
2020-06-12T17:59:06.541Z [grades-control-api] - info: API Started!
2020-06-12T17:59:48.424Z [grades-control-api] - info: API Started!
2020-06-12T17:59:49.822Z [grades-control-api] - error: Invalid status code: 47
2020-06-12T18:00:21.015Z [grades-control-api] - info: API Started!
2020-06-12T18:00:45.002Z [grades-control-api] - info: API Started!
2020-06-12T18:00:46.748Z [grades-control-api] - error: Invalid status code: 47
2020-06-12T18:00:58.255Z [grades-control-api] - info: API Started!
2020-06-12T18:01:07.340Z [grades-control-api] - info: API Started!
2020-06-12T18:01:08.485Z [grades-control-api] - error: Invalid status code: 47
2020-06-12T18:01:14.948Z [grades-control-api] - info: API Started!
2020-06-12T18:01:38.347Z [grades-control-api] - info: API Started!
2020-06-12T18:01:39.089Z [grades-control-api] - error: Invalid status code: 1
2020-06-12T18:01:40.881Z [grades-control-api] - error: Invalid status code: 1
2020-06-12T18:01:48.349Z [grades-control-api] - info: API Started!
2020-06-12T18:02:06.771Z [grades-control-api] - info: API Started!
2020-06-12T18:02:06.992Z [grades-control-api] - error: str is not defined
2020-06-12T18:02:55.744Z [grades-control-api] - info: API Started!
2020-06-12T18:02:57.322Z [grades-control-api] - error: Invalid status code: 47
2020-06-12T18:03:09.778Z [grades-control-api] - info: API Started!
2020-06-12T18:03:14.067Z [grades-control-api] - info: API Started!
2020-06-12T18:03:15.608Z [grades-control-api] - error: json is not defined
2020-06-12T18:03:16.858Z [grades-control-api] - error: json is not defined
2020-06-12T18:03:23.992Z [grades-control-api] - info: API Started!
2020-06-12T18:03:55.713Z [grades-control-api] - info: API Started!
2020-06-12T18:04:01.447Z [grades-control-api] - info: API Started!
2020-06-12T18:06:04.580Z [grades-control-api] - info: API Started!
2020-06-12T18:08:11.767Z [grades-control-api] - info: API Started!
2020-06-12T18:08:18.975Z [grades-control-api] - info: API Started!
2020-06-12T18:10:12.633Z [grades-control-api] - info: API Started!
2020-06-12T18:11:10.027Z [grades-control-api] - info: API Started!
2020-06-12T18:11:30.070Z [grades-control-api] - info: API Started!
2020-06-12T18:12:10.905Z [grades-control-api] - info: API Started!
2020-06-12T18:12:30.741Z [grades-control-api] - info: API Started!
2020-06-12T18:12:45.458Z [grades-control-api] - info: API Started!
2020-06-12T18:21:39.655Z [grades-control-api] - info: API Started!
2020-06-12T18:21:53.562Z [grades-control-api] - info: API Started!
2020-06-12T18:22:45.212Z [grades-control-api] - info: API Started!
2020-06-12T18:23:03.780Z [grades-control-api] - info: API Started!
2020-06-12T18:23:52.606Z [grades-control-api] - info: API Started!
2020-06-12T18:24:39.842Z [grades-control-api] - info: API Started!
2020-06-12T18:25:19.245Z [grades-control-api] - info: API Started!
2020-06-12T18:26:58.960Z [grades-control-api] - info: API Started!
2020-06-12T18:27:19.448Z [grades-control-api] - info: API Started!
2020-06-12T18:57:59.656Z [grades-control-api] - info: API Started!
2020-06-12T18:58:27.889Z [grades-control-api] - info: API Started!
2020-06-12T18:58:38.124Z [grades-control-api] - info: API Started!
2020-06-12T18:59:18.411Z [grades-control-api] - info: API Started!
2020-06-12T18:59:24.305Z [grades-control-api] - info: API Started!
2020-06-12T19:01:04.573Z [grades-control-api] - info: API Started!
2020-06-12T19:01:21.211Z [grades-control-api] - info: API Started!
2020-06-12T19:01:27.400Z [grades-control-api] - info: API Started!
2020-06-12T19:07:24.162Z [grades-control-api] - info: API Started!
2020-06-12T19:17:06.550Z [grades-control-api] - info: API Started!
2020-06-12T19:17:40.583Z [grades-control-api] - info: API Started!
2020-06-12T19:18:06.497Z [grades-control-api] - info: API Started!
2020-06-12T19:21:42.354Z [grades-control-api] - info: API Started!
2020-06-12T19:23:36.986Z [grades-control-api] - info: API Started!
2020-06-12T19:24:16.498Z [grades-control-api] - info: API Started!
2020-06-12T19:54:01.118Z [grades-control-api] - info: API Started!
2020-06-12T19:54:24.092Z [grades-control-api] - info: API Started!
2020-06-12T19:54:29.266Z [grades-control-api] - info: API Started!
2020-06-12T19:55:47.310Z [grades-control-api] - info: API Started!
2020-06-12T19:57:03.062Z [grades-control-api] - info: API Started!
2020-06-12T19:58:02.861Z [grades-control-api] - info: API Started!
2020-06-12T19:59:22.562Z [grades-control-api] - info: API Started!
2020-06-12T20:00:16.463Z [grades-control-api] - info: API Started!
2020-06-12T20:00:16.913Z [grades-control-api] - info: API Started!
